# JRE version: Java(TM) SE Runtime Environment (8.0_45-b15) (build 1.8.0_45-b15)
# Java VM: Java HotSpot(TM) 64-Bit Server VM (25.45-b02 mixed mode windows-amd64 compressed oops)
Heap:
 PSYoungGen      total 210432K, used 148785K [0x00000000f0000000, 0x0000000100000000, 0x0000000100000000)
  eden space 158720K, 79% used [0x00000000f0000000,0x00000000f7b36638,0x00000000f9b00000)
  from space 51712K, 43% used [0x00000000fcd80000,0x00000000fe395e28,0x0000000100000000)
  to   space 51712K, 0% used [0x00000000f9b00000,0x00000000f9b00000,0x00000000fcd80000)
 ParOldGen       total 524288K, used 125023K [0x00000000d0000000, 0x00000000f0000000, 0x00000000f0000000)
  object space 524288K, 23% used [0x00000000d0000000,0x00000000d7a17c68,0x00000000f0000000)
 Metaspace       used 82166K, capacity 87358K, committed 87424K, reserved 1124352K
  class space    used 10774K, capacity 12413K, committed 12416K, reserved 1048576K
GC Heap History (10 events):
Event: 1974.378 GC heap before
{Heap before GC invocations=45 (full 3):
 PSYoungGen      total 199168K, used 174244K [0x00000000f0000000, 0x0000000100000000, 0x0000000100000000)
  eden space 139264K, 100% used [0x00000000f0000000,0x00000000f8800000,0x00000000f8800000)
  from space 59904K, 58% used [0x00000000f8800000,0x00000000faa292e0,0x00000000fc280000)
  to   space 57856K, 0% used [0x00000000fc780000,0x00000000fc780000,0x0000000100000000)
 ParOldGen       total 524288K, used 111314K [0x00000000d0000000, 0x00000000f0000000, 0x00000000f0000000)
  object space 524288K, 21% used [0x00000000d0000000,0x00000000d6cb4a88,0x00000000f0000000)
 Metaspace       used 80161K, capacity 84876K, committed 84992K, reserved 1122304K
  class space    used 10385K, capacity 11776K, committed 11776K, reserved 1048576K
Event: 1974.421 GC heap after
Heap after GC invocations=45 (full 3):
 PSYoungGen      total 206336K, used 35274K [0x00000000f0000000, 0x0000000100000000, 0x0000000100000000)
  eden space 148480K, 0% used [0x00000000f0000000,0x00000000f0000000,0x00000000f9100000)
  from space 57856K, 60% used [0x00000000fc780000,0x00000000fe9f2b60,0x0000000100000000)
  to   space 55808K, 0% used [0x00000000f9100000,0x00000000f9100000,0x00000000fc780000)
 ParOldGen       total 524288K, used 111354K [0x00000000d0000000, 0x00000000f0000000, 0x00000000f0000000)
  object space 524288K, 21% used [0x00000000d0000000,0x00000000d6cbea88,0x00000000f0000000)
 Metaspace       used 80161K, capacity 84876K, committed 84992K, reserved 1122304K
  class space    used 10385K, capacity 11776K, committed 11776K, reserved 1048576K
}
Event: 2351.319 GC heap before
{Heap before GC invocations=46 (full 3):
 PSYoungGen      total 206336K, used 183754K [0x00000000f0000000, 0x0000000100000000, 0x0000000100000000)
  eden space 148480K, 100% used [0x00000000f0000000,0x00000000f9100000,0x00000000f9100000)
  from space 57856K, 60% used [0x00000000fc780000,0x00000000fe9f2b60,0x0000000100000000)
  to   space 55808K, 0% used [0x00000000f9100000,0x00000000f9100000,0x00000000fc780000)
 ParOldGen       total 524288K, used 111354K [0x00000000d0000000, 0x00000000f0000000, 0x00000000f0000000)
  object space 524288K, 21% used [0x00000000d0000000,0x00000000d6cbea88,0x00000000f0000000)
 Metaspace       used 80672K, capacity 85622K, committed 85760K, reserved 1122304K
  class space    used 10504K, capacity 11994K, committed 12032K, reserved 1048576K
Event: 2351.358 GC heap after
Heap after GC invocations=46 (full 3):
 PSYoungGen      total 204288K, used 33902K [0x00000000f0000000, 0x0000000100000000, 0x0000000100000000)
  eden space 148480K, 0% used [0x00000000f0000000,0x00000000f0000000,0x00000000f9100000)
  from space 55808K, 60% used [0x00000000f9100000,0x00000000fb21b830,0x00000000fc780000)
  to   space 53760K, 0% used [0x00000000fcb80000,0x00000000fcb80000,0x0000000100000000)
 ParOldGen       total 524288K, used 114303K [0x00000000d0000000, 0x00000000f0000000, 0x00000000f0000000)
  object space 524288K, 21% used [0x00000000d0000000,0x00000000d6f9fe60,0x00000000f0000000)
 Metaspace       used 80672K, capacity 85622K, committed 85760K, reserved 1122304K
  class space    used 10504K, capacity 11994K, committed 12032K, reserved 1048576K
}
Event: 2656.010 GC heap before
{Heap before GC invocations=47 (full 3):
 PSYoungGen      total 204288K, used 182382K [0x00000000f0000000, 0x0000000100000000, 0x0000000100000000)
  eden space 148480K, 100% used [0x00000000f0000000,0x00000000f9100000,0x00000000f9100000)
  from space 55808K, 60% used [0x00000000f9100000,0x00000000fb21b830,0x00000000fc780000)
  to   space 53760K, 0% used [0x00000000fcb80000,0x00000000fcb80000,0x0000000100000000)
 ParOldGen       total 524288K, used 114303K [0x00000000d0000000, 0x00000000f0000000, 0x00000000f0000000)
  object space 524288K, 21% used [0x00000000d0000000,0x00000000d6f9fe60,0x00000000f0000000)
 Metaspace       used 81086K, capacity 86090K, committed 86144K, reserved 1124352K
  class space    used 10592K, capacity 12144K, committed 12160K, reserved 1048576K
Event: 2656.048 GC heap after
Heap after GC invocations=47 (full 3):
 PSYoungGen      total 209920K, used 31457K [0x00000000f0000000, 0x0000000100000000, 0x0000000100000000)
  eden space 156160K, 0% used [0x00000000f0000000,0x00000000f0000000,0x00000000f9880000)
  from space 53760K, 58% used [0x00000000fcb80000,0x00000000fea38770,0x0000000100000000)
  to   space 52224K, 0% used [0x00000000f9880000,0x00000000f9880000,0x00000000fcb80000)
 ParOldGen       total 524288K, used 116565K [0x00000000d0000000, 0x00000000f0000000, 0x00000000f0000000)
  object space 524288K, 22% used [0x00000000d0000000,0x00000000d71d5518,0x00000000f0000000)
 Metaspace       used 81086K, capacity 86090K, committed 86144K, reserved 1124352K
  class space    used 10592K, capacity 12144K, committed 12160K, reserved 1048576K
}
Event: 2806.840 GC heap before
{Heap before GC invocations=48 (full 3):
 PSYoungGen      total 209920K, used 187617K [0x00000000f0000000, 0x0000000100000000, 0x0000000100000000)
  eden space 156160K, 100% used [0x00000000f0000000,0x00000000f9880000,0x00000000f9880000)
  from space 53760K, 58% used [0x00000000fcb80000,0x00000000fea38770,0x0000000100000000)
  to   space 52224K, 0% used [0x00000000f9880000,0x00000000f9880000,0x00000000fcb80000)
 ParOldGen       total 524288K, used 116565K [0x00000000d0000000, 0x00000000f0000000, 0x00000000f0000000)
  object space 524288K, 22% used [0x00000000d0000000,0x00000000d71d5518,0x00000000f0000000)
 Metaspace       used 81480K, capacity 86546K, committed 86912K, reserved 1124352K
  class space    used 10681K, capacity 12292K, committed 12416K, reserved 1048576K
Event: 2806.872 GC heap after
Heap after GC invocations=48 (full 3):
 PSYoungGen      total 208384K, used 27277K [0x00000000f0000000, 0x0000000100000000, 0x0000000100000000)
  eden space 156160K, 0% used [0x00000000f0000000,0x00000000f0000000,0x00000000f9880000)
  from space 52224K, 52% used [0x00000000f9880000,0x00000000fb323788,0x00000000fcb80000)
  to   space 51712K, 0% used [0x00000000fcd80000,0x00000000fcd80000,0x0000000100000000)
 ParOldGen       total 524288K, used 119935K [0x00000000d0000000, 0x00000000f0000000, 0x00000000f0000000)
  object space 524288K, 22% used [0x00000000d0000000,0x00000000d751ff38,0x00000000f0000000)
 Metaspace       used 81480K, capacity 86546K, committed 86912K, reserved 1124352K
  class space    used 10681K, capacity 12292K, committed 12416K, reserved 1048576K
}
Event: 3259.627 GC heap before
{Heap before GC invocations=49 (full 3):
 PSYoungGen      total 208384K, used 183437K [0x00000000f0000000, 0x0000000100000000, 0x0000000100000000)
  eden space 156160K, 100% used [0x00000000f0000000,0x00000000f9880000,0x00000000f9880000)
  from space 52224K, 52% used [0x00000000f9880000,0x00000000fb323788,0x00000000fcb80000)
  to   space 51712K, 0% used [0x00000000fcd80000,0x00000000fcd80000,0x0000000100000000)
 ParOldGen       total 524288K, used 119935K [0x00000000d0000000, 0x00000000f0000000, 0x00000000f0000000)
  object space 524288K, 22% used [0x00000000d0000000,0x00000000d751ff38,0x00000000f0000000)
 Metaspace       used 82034K, capacity 87216K, committed 87424K, reserved 1124352K
  class space    used 10753K, capacity 12397K, committed 12416K, reserved 1048576K
Event: 3259.664 GC heap after
Heap after GC invocations=49 (full 3):
 PSYoungGen      total 210432K, used 22615K [0x00000000f0000000, 0x0000000100000000, 0x0000000100000000)
  eden space 158720K, 0% used [0x00000000f0000000,0x00000000f0000000,0x00000000f9b00000)
  from space 51712K, 43% used [0x00000000fcd80000,0x00000000fe395e28,0x0000000100000000)
  to   space 51712K, 0% used [0x00000000f9b00000,0x00000000f9b00000,0x00000000fcd80000)
 ParOldGen       total 524288K, used 125023K [0x00000000d0000000, 0x00000000f0000000, 0x00000000f0000000)
  object space 524288K, 23% used [0x00000000d0000000,0x00000000d7a17c68,0x00000000f0000000)
 Metaspace       used 82034K, capacity 87216K, committed 87424K, reserved 1124352K
  class space    used 10753K, capacity 12397K, committed 12416K, reserved 1048576K
}

