# JRE version: Java(TM) SE Runtime Environment (8.0_45-b15) (build 1.8.0_45-b15)
# Java VM: Java HotSpot(TM) 64-Bit Server VM (25.45-b02 mixed mode windows-amd64 compressed oops)
Heap:
 PSYoungGen      total 193024K, used 96137K [0x00000000f0000000, 0x0000000100000000, 0x0000000100000000)
  eden space 126464K, 40% used [0x00000000f0000000,0x00000000f3211e88,0x00000000f7b80000)
  from space 66560K, 67% used [0x00000000f7b80000,0x00000000fa750718,0x00000000fbc80000)
  to   space 66560K, 0% used [0x00000000fbf00000,0x00000000fbf00000,0x0000000100000000)
 ParOldGen       total 524288K, used 107896K [0x00000000d0000000, 0x00000000f0000000, 0x00000000f0000000)
  object space 524288K, 20% used [0x00000000d0000000,0x00000000d695e3e0,0x00000000f0000000)
 Metaspace       used 78646K, capacity 83490K, committed 83584K, reserved 1122304K
  class space    used 10192K, capacity 11554K, committed 11648K, reserved 1048576K
GC Heap History (10 events):
Event: 67.565 GC heap before
{Heap before GC invocations=38 (full 3):
 PSYoungGen      total 191488K, used 175645K [0x00000000f0000000, 0x0000000100000000, 0x0000000100000000)
  eden space 126976K, 100% used [0x00000000f0000000,0x00000000f7c00000,0x00000000f7c00000)
  from space 64512K, 75% used [0x00000000fc100000,0x00000000ff0876d8,0x0000000100000000)
  to   space 67584K, 0% used [0x00000000f7c00000,0x00000000f7c00000,0x00000000fbe00000)
 ParOldGen       total 524288K, used 83848K [0x00000000d0000000, 0x00000000f0000000, 0x00000000f0000000)
  object space 524288K, 15% used [0x00000000d0000000,0x00000000d51e23b0,0x00000000f0000000)
 Metaspace       used 75739K, capacity 79736K, committed 79872K, reserved 1118208K
  class space    used 9808K, capacity 11006K, committed 11008K, reserved 1048576K
Event: 67.610 GC heap after
Heap after GC invocations=38 (full 3):
 PSYoungGen      total 175616K, used 48331K [0x00000000f0000000, 0x0000000100000000, 0x0000000100000000)
  eden space 126976K, 0% used [0x00000000f0000000,0x00000000f0000000,0x00000000f7c00000)
  from space 48640K, 99% used [0x00000000f7c00000,0x00000000fab32ef0,0x00000000fab80000)
  to   space 69632K, 0% used [0x00000000fbc00000,0x00000000fbc00000,0x0000000100000000)
 ParOldGen       total 524288K, used 87669K [0x00000000d0000000, 0x00000000f0000000, 0x00000000f0000000)
  object space 524288K, 16% used [0x00000000d0000000,0x00000000d559d400,0x00000000f0000000)
 Metaspace       used 75739K, capacity 79736K, committed 79872K, reserved 1118208K
  class space    used 9808K, capacity 11006K, committed 11008K, reserved 1048576K
}
Event: 419.924 GC heap before
{Heap before GC invocations=39 (full 3):
 PSYoungGen      total 175616K, used 175307K [0x00000000f0000000, 0x0000000100000000, 0x0000000100000000)
  eden space 126976K, 100% used [0x00000000f0000000,0x00000000f7c00000,0x00000000f7c00000)
  from space 48640K, 99% used [0x00000000f7c00000,0x00000000fab32ef0,0x00000000fab80000)
  to   space 69632K, 0% used [0x00000000fbc00000,0x00000000fbc00000,0x0000000100000000)
 ParOldGen       total 524288K, used 87669K [0x00000000d0000000, 0x00000000f0000000, 0x00000000f0000000)
  object space 524288K, 16% used [0x00000000d0000000,0x00000000d559d400,0x00000000f0000000)
 Metaspace       used 76325K, capacity 80718K, committed 80896K, reserved 1118208K
  class space    used 9909K, capacity 11185K, committed 11264K, reserved 1048576K
Event: 419.978 GC heap after
Heap after GC invocations=39 (full 3):
 PSYoungGen      total 193024K, used 43120K [0x00000000f0000000, 0x0000000100000000, 0x0000000100000000)
  eden space 123392K, 0% used [0x00000000f0000000,0x00000000f0000000,0x00000000f7880000)
  from space 69632K, 61% used [0x00000000fbc00000,0x00000000fe61c378,0x0000000100000000)
  to   space 69120K, 0% used [0x00000000f7880000,0x00000000f7880000,0x00000000fbc00000)
 ParOldGen       total 524288K, used 95157K [0x00000000d0000000, 0x00000000f0000000, 0x00000000f0000000)
  object space 524288K, 18% used [0x00000000d0000000,0x00000000d5ced460,0x00000000f0000000)
 Metaspace       used 76325K, capacity 80718K, committed 80896K, reserved 1118208K
  class space    used 9909K, capacity 11185K, committed 11264K, reserved 1048576K
}
Event: 422.189 GC heap before
{Heap before GC invocations=40 (full 3):
 PSYoungGen      total 193024K, used 166501K [0x00000000f0000000, 0x0000000100000000, 0x0000000100000000)
  eden space 123392K, 99% used [0x00000000f0000000,0x00000000f787d2f8,0x00000000f7880000)
  from space 69632K, 61% used [0x00000000fbc00000,0x00000000fe61c378,0x0000000100000000)
  to   space 69120K, 0% used [0x00000000f7880000,0x00000000f7880000,0x00000000fbc00000)
 ParOldGen       total 524288K, used 95157K [0x00000000d0000000, 0x00000000f0000000, 0x00000000f0000000)
  object space 524288K, 18% used [0x00000000d0000000,0x00000000d5ced460,0x00000000f0000000)
 Metaspace       used 76709K, capacity 81230K, committed 81536K, reserved 1120256K
  class space    used 9990K, capacity 11298K, committed 11392K, reserved 1048576K
Event: 422.240 GC heap after
Heap after GC invocations=40 (full 3):
 PSYoungGen      total 192512K, used 44755K [0x00000000f0000000, 0x0000000100000000, 0x0000000100000000)
  eden space 123392K, 0% used [0x00000000f0000000,0x00000000f0000000,0x00000000f7880000)
  from space 69120K, 64% used [0x00000000f7880000,0x00000000fa434d00,0x00000000fbc00000)
  to   space 69120K, 0% used [0x00000000fbc80000,0x00000000fbc80000,0x0000000100000000)
 ParOldGen       total 524288K, used 99837K [0x00000000d0000000, 0x00000000f0000000, 0x00000000f0000000)
  object space 524288K, 19% used [0x00000000d0000000,0x00000000d617f490,0x00000000f0000000)
 Metaspace       used 76709K, capacity 81230K, committed 81536K, reserved 1120256K
  class space    used 9990K, capacity 11298K, committed 11392K, reserved 1048576K
}
Event: 481.951 GC heap before
{Heap before GC invocations=41 (full 3):
 PSYoungGen      total 192512K, used 168147K [0x00000000f0000000, 0x0000000100000000, 0x0000000100000000)
  eden space 123392K, 100% used [0x00000000f0000000,0x00000000f7880000,0x00000000f7880000)
  from space 69120K, 64% used [0x00000000f7880000,0x00000000fa434d00,0x00000000fbc00000)
  to   space 69120K, 0% used [0x00000000fbc80000,0x00000000fbc80000,0x0000000100000000)
 ParOldGen       total 524288K, used 99837K [0x00000000d0000000, 0x00000000f0000000, 0x00000000f0000000)
  object space 524288K, 19% used [0x00000000d0000000,0x00000000d617f490,0x00000000f0000000)
 Metaspace       used 76998K, capacity 81544K, committed 81792K, reserved 1120256K
  class space    used 10031K, capacity 11346K, committed 11392K, reserved 1048576K
Event: 481.988 GC heap after
Heap after GC invocations=41 (full 3):
 PSYoungGen      total 195584K, used 39534K [0x00000000f0000000, 0x0000000100000000, 0x0000000100000000)
  eden space 126464K, 0% used [0x00000000f0000000,0x00000000f0000000,0x00000000f7b80000)
  from space 69120K, 57% used [0x00000000fbc80000,0x00000000fe31ba58,0x0000000100000000)
  to   space 66560K, 0% used [0x00000000f7b80000,0x00000000f7b80000,0x00000000fbc80000)
 ParOldGen       total 524288K, used 102532K [0x00000000d0000000, 0x00000000f0000000, 0x00000000f0000000)
  object space 524288K, 19% used [0x00000000d0000000,0x00000000d6421330,0x00000000f0000000)
 Metaspace       used 76998K, capacity 81544K, committed 81792K, reserved 1120256K
  class space    used 10031K, capacity 11346K, committed 11392K, reserved 1048576K
}
Event: 500.999 GC heap before
{Heap before GC invocations=42 (full 3):
 PSYoungGen      total 195584K, used 165998K [0x00000000f0000000, 0x0000000100000000, 0x0000000100000000)
  eden space 126464K, 100% used [0x00000000f0000000,0x00000000f7b80000,0x00000000f7b80000)
  from space 69120K, 57% used [0x00000000fbc80000,0x00000000fe31ba58,0x0000000100000000)
  to   space 66560K, 0% used [0x00000000f7b80000,0x00000000f7b80000,0x00000000fbc80000)
 ParOldGen       total 524288K, used 102532K [0x00000000d0000000, 0x00000000f0000000, 0x00000000f0000000)
  object space 524288K, 19% used [0x00000000d0000000,0x00000000d6421330,0x00000000f0000000)
 Metaspace       used 78316K, capacity 83158K, committed 83328K, reserved 1120256K
  class space    used 10178K, capacity 11552K, committed 11648K, reserved 1048576K
Event: 501.056 GC heap after
Heap after GC invocations=42 (full 3):
 PSYoungGen      total 193024K, used 44865K [0x00000000f0000000, 0x0000000100000000, 0x0000000100000000)
  eden space 126464K, 0% used [0x00000000f0000000,0x00000000f0000000,0x00000000f7b80000)
  from space 66560K, 67% used [0x00000000f7b80000,0x00000000fa750718,0x00000000fbc80000)
  to   space 66560K, 0% used [0x00000000fbf00000,0x00000000fbf00000,0x0000000100000000)
 ParOldGen       total 524288K, used 107896K [0x00000000d0000000, 0x00000000f0000000, 0x00000000f0000000)
  object space 524288K, 20% used [0x00000000d0000000,0x00000000d695e3e0,0x00000000f0000000)
 Metaspace       used 78316K, capacity 83158K, committed 83328K, reserved 1120256K
  class space    used 10178K, capacity 11552K, committed 11648K, reserved 1048576K
}

